<?xml version="1.0" encoding="UTF-8"?>
<!-- Generated by org.testng.reporters.JUnitReportReporter -->
<testsuite hostname="DESKTOP-SPJ27N6" failures="0" tests="2" name="van" time="18.672" errors="0" timestamp="2024-09-06T18:41:49 IST" skipped="0">
  <testcase classname="van" name="mm" time="11.570"/>
  <system-out/>
  <testcase classname="van" name="hola" time="7.102"/>
  <system-out/>
</testsuite> <!-- van -->
