<?xml version="1.0" encoding="UTF-8"?>
<!-- Generated by org.testng.reporters.JUnitReportReporter -->
<testsuite hostname="DESKTOP-SPJ27N6" failures="0" tests="1" name="Testloginpage" time="14.260" errors="0" timestamp="2024-09-06T16:09:20 IST" skipped="0">
  <testcase classname="Testloginpage" name="check" time="14.260"/>
  <system-out/>
</testsuite> <!-- Testloginpage -->
