<?xml version="1.0" encoding="UTF-8"?>
<!-- Generated by org.testng.reporters.JUnitReportReporter -->
<testsuite hostname="DESKTOP-SPJ27N6" failures="0" tests="2" name="Testcaseforcreateorder" time="79.893" errors="0" timestamp="2023-12-05T17:14:32 IST" skipped="0">
  <testcase classname="Testcaseforcreateorder" name="login" time="19.350"/>
  <system-out/>
  <testcase classname="Testcaseforcreateorder" name="createorderandDeliverd" time="60.543"/>
  <system-out/>
</testsuite> <!-- Testcaseforcreateorder -->
