<?xml version="1.0" encoding="UTF-8"?>
<!-- Generated by org.testng.reporters.JUnitReportReporter -->
<testsuite hostname="DESKTOP-SPJ27N6" failures="0" tests="1" name="ExtentreporterPractice" time="2.521" errors="0" timestamp="2024-05-31T11:02:16 IST" skipped="0">
  <testcase classname="ExtentreporterPractice" name="launchbrowser" time="2.521"/>
  <system-out/>
</testsuite> <!-- ExtentreporterPractice -->
