<?xml version="1.0" encoding="UTF-8"?>
<!-- Generated by org.testng.reporters.JUnitReportReporter -->
<testsuite hostname="DESKTOP-SPJ27N6" failures="0" tests="3" name="TestDashboardpagefunctionality" time="40.481" errors="0" timestamp="2023-12-05T15:10:06 IST" skipped="0">
  <testcase classname="TestDashboardpagefunctionality" name="login" time="6.375"/>
  <system-out/>
  <testcase classname="TestDashboardpagefunctionality" name="trackorderonDashboard" time="24.505"/>
  <system-out/>
  <testcase classname="TestDashboardpagefunctionality" name="filterfunctionalityofDashboard" time="9.601"/>
  <system-out/>
</testsuite> <!-- TestDashboardpagefunctionality -->
