<?xml version="1.0" encoding="UTF-8"?>
<!-- Generated by org.testng.reporters.JUnitReportReporter -->
<testsuite hostname="DESKTOP-SPJ27N6" failures="0" tests="2" name="TestInvoicepage" time="0.015" errors="1" timestamp="2024-09-06T16:11:41 IST" skipped="1">
  <testcase classname="TestInvoicepage" name="check" time="0.001">
    <skipped/>
  </testcase> <!-- check -->
  <system-out/>
  <testcase classname="TestInvoicepage" name="openbrowser" time="0.014">
    <error type="java.lang.StackOverflowError">
      <![CDATA[java.lang.StackOverflowError
at TestInvoicepage.openbrowser(TestInvoicepage.java:18)
at TestInvoicepage.openbrowser(TestInvoicepage.java:18)
at TestInvoicepage.openbrowser(TestInvoicepage.java:18)
at TestInvoicepage.openbrowser(TestInvoicepage.java:18)
at TestInvoicepage.openbrowser(TestInvoicepage.java:18)
at TestInvoicepage.openbrowser(TestInvoicepage.java:18)
at TestInvoicepage.openbrowser(TestInvoicepage.java:18)
at TestInvoicepage.openbrowser(TestInvoicepage.java:18)
at TestInvoicepage.openbrowser(TestInvoicepage.java:18)
at TestInvoicepage.openbrowser(TestInvoicepage.java:18)
at TestInvoicepage.openbrowser(TestInvoicepage.java:18)
at TestInvoicepage.openbrowser(TestInvoicepage.java:18)
at TestInvoicepage.openbrowser(TestInvoicepage.java:18)
at TestInvoicepage.openbrowser(TestInvoicepage.java:18)
at TestInvoicepage.openbrowser(TestInvoicepage.java:18)
at TestInvoicepage.openbrowser(TestInvoicepage.java:18)
at TestInvoicepage.openbrowser(TestInvoicepage.java:18)
at TestInvoicepage.openbrowser(TestInvoicepage.java:18)
at TestInvoicepage.openbrowser(TestInvoicepage.java:18)
at TestInvoicepage.openbrowser(TestInvoicepage.java:18)
at TestInvoicepage.openbrowser(TestInvoicepage.java:18)
at TestInvoicepage.openbrowser(TestInvoicepage.java:18)
at TestInvoicepage.openbrowser(TestInvoicepage.java:18)
at TestInvoicepage.openbrowser(TestInvoicepage.java:18)
at TestInvoicepage.openbrowser(TestInvoicepage.java:18)
at TestInvoicepage.openbrowser(TestInvoicepage.java:18)
at TestInvoicepage.openbrowser(TestInvoicepage.java:18)
at TestInvoicepage.openbrowser(TestInvoicepage.java:18)
at TestInvoicepage.openbrowser(TestInvoicepage.java:18)
at TestInvoicepage.openbrowser(TestInvoicepage.java:18)
at TestInvoicepage.openbrowser(TestInvoicepage.java:18)
at TestInvoicepage.openbrowser(TestInvoicepage.java:18)
at TestInvoicepage.openbrowser(TestInvoicepage.java:18)
at TestInvoicepage.openbrowser(TestInvoicepage.java:18)
at TestInvoicepage.openbrowser(TestInvoicepage.java:18)
at TestInvoicepage.openbrowser(TestInvoicepage.java:18)
at TestInvoicepage.openbrowser(TestInvoicepage.java:18)
at TestInvoicepage.openbrowser(TestInvoicepage.java:18)
at TestInvoicepage.openbrowser(TestInvoicepage.java:18)
at TestInvoicepage.openbrowser(TestInvoicepage.java:18)
at TestInvoicepage.openbrowser(TestInvoicepage.java:18)
at TestInvoicepage.openbrowser(TestInvoicepage.java:18)
at TestInvoicepage.openbrowser(TestInvoicepage.java:18)
at TestInvoicepage.openbrowser(TestInvoicepage.java:18)
at TestInvoicepage.openbrowser(TestInvoicepage.java:18)
at TestInvoicepage.openbrowser(TestInvoicepage.java:18)
at TestInvoicepage.openbrowser(TestInvoicepage.java:18)
at TestInvoicepage.openbrowser(TestInvoicepage.java:18)
at TestInvoicepage.openbrowser(TestInvoicepage.java:18)
at TestInvoicepage.openbrowser(TestInvoicepage.java:18)
at TestInvoicepage.openbrowser(TestInvoicepage.java:18)
at TestInvoicepage.openbrowser(TestInvoicepage.java:18)
at TestInvoicepage.openbrowser(TestInvoicepage.java:18)
at TestInvoicepage.openbrowser(TestInvoicepage.java:18)
at TestInvoicepage.openbrowser(TestInvoicepage.java:18)
at TestInvoicepage.openbrowser(TestInvoicepage.java:18)
at TestInvoicepage.openbrowser(TestInvoicepage.java:18)
at TestInvoicepage.openbrowser(TestInvoicepage.java:18)
at TestInvoicepage.openbrowser(TestInvoicepage.java:18)
at TestInvoicepage.openbrowser(TestInvoicepage.java:18)
at TestInvoicepage.openbrowser(TestInvoicepage.java:18)
at TestInvoicepage.openbrowser(TestInvoicepage.java:18)
at TestInvoicepage.openbrowser(TestInvoicepage.java:18)
at TestInvoicepage.openbrowser(TestInvoicepage.java:18)
at TestInvoicepage.openbrowser(TestInvoicepage.java:18)
at TestInvoicepage.openbrowser(TestInvoicepage.java:18)
at TestInvoicepage.openbrowser(TestInvoicepage.java:18)
at TestInvoicepage.openbrowser(TestInvoicepage.java:18)
at TestInvoicepage.openbrowser(TestInvoicepage.java:18)
at TestInvoicepage.openbrowser(TestInvoicepage.java:18)
at TestInvoicepage.openbrowser(TestInvoicepage.java:18)
at TestInvoicepage.openbrowser(TestInvoicepage.java:18)
at TestInvoicepage.openbrowser(TestInvoicepage.java:18)
at TestInvoicepage.openbrowser(TestInvoicepage.java:18)
at TestInvoicepage.openbrowser(TestInvoicepage.java:18)
at TestInvoicepage.openbrowser(TestInvoicepage.java:18)
at TestInvoicepage.openbrowser(TestInvoicepage.java:18)
at TestInvoicepage.openbrowser(TestInvoicepage.java:18)
at TestInvoicepage.openbrowser(TestInvoicepage.java:18)
at TestInvoicepage.openbrowser(TestInvoicepage.java:18)
at TestInvoicepage.openbrowser(TestInvoicepage.java:18)
at TestInvoicepage.openbrowser(TestInvoicepage.java:18)
at TestInvoicepage.openbrowser(TestInvoicepage.java:18)
at TestInvoicepage.openbrowser(TestInvoicepage.java:18)
at TestInvoicepage.openbrowser(TestInvoicepage.java:18)
at TestInvoicepage.openbrowser(TestInvoicepage.java:18)
at TestInvoicepage.openbrowser(TestInvoicepage.java:18)
at TestInvoicepage.openbrowser(TestInvoicepage.java:18)
at TestInvoicepage.openbrowser(TestInvoicepage.java:18)
at TestInvoicepage.openbrowser(TestInvoicepage.java:18)
at TestInvoicepage.openbrowser(TestInvoicepage.java:18)
at TestInvoicepage.openbrowser(TestInvoicepage.java:18)
at TestInvoicepage.openbrowser(TestInvoicepage.java:18)
at TestInvoicepage.openbrowser(TestInvoicepage.java:18)
at TestInvoicepage.openbrowser(TestInvoicepage.java:18)
at TestInvoicepage.openbrowser(TestInvoicepage.java:18)
at TestInvoicepage.openbrowser(TestInvoicepage.java:18)
at TestInvoicepage.openbrowser(TestInvoicepage.java:18)
at TestInvoicepage.openbrowser(TestInvoicepage.java:18)
at TestInvoicepage.openbrowser(TestInvoicepage.java:18)
at TestInvoicepage.openbrowser(TestInvoicepage.java:18)
at TestInvoicepage.openbrowser(TestInvoicepage.java:18)
at TestInvoicepage.openbrowser(TestInvoicepage.java:18)
at TestInvoicepage.openbrowser(TestInvoicepage.java:18)
at TestInvoicepage.openbrowser(TestInvoicepage.java:18)
at TestInvoicepage.openbrowser(TestInvoicepage.java:18)
at TestInvoicepage.openbrowser(TestInvoicepage.java:18)
at TestInvoicepage.openbrowser(TestInvoicepage.java:18)
at TestInvoicepage.openbrowser(TestInvoicepage.java:18)
at TestInvoicepage.openbrowser(TestInvoicepage.java:18)
at TestInvoicepage.openbrowser(TestInvoicepage.java:18)
at TestInvoicepage.openbrowser(TestInvoicepage.java:18)
at TestInvoicepage.openbrowser(TestInvoicepage.java:18)
at TestInvoicepage.openbrowser(TestInvoicepage.java:18)
at TestInvoicepage.openbrowser(TestInvoicepage.java:18)
at TestInvoicepage.openbrowser(TestInvoicepage.java:18)
at TestInvoicepage.openbrowser(TestInvoicepage.java:18)
at TestInvoicepage.openbrowser(TestInvoicepage.java:18)
at TestInvoicepage.openbrowser(TestInvoicepage.java:18)
at TestInvoicepage.openbrowser(TestInvoicepage.java:18)
at TestInvoicepage.openbrowser(TestInvoicepage.java:18)
at TestInvoicepage.openbrowser(TestInvoicepage.java:18)
at TestInvoicepage.openbrowser(TestInvoicepage.java:18)
at TestInvoicepage.openbrowser(TestInvoicepage.java:18)
at TestInvoicepage.openbrowser(TestInvoicepage.java:18)
at TestInvoicepage.openbrowser(TestInvoicepage.java:18)
at TestInvoicepage.openbrowser(TestInvoicepage.java:18)
at TestInvoicepage.openbrowser(TestInvoicepage.java:18)
at TestInvoicepage.openbrowser(TestInvoicepage.java:18)
at TestInvoicepage.openbrowser(TestInvoicepage.java:18)
at TestInvoicepage.openbrowser(TestInvoicepage.java:18)
at TestInvoicepage.openbrowser(TestInvoicepage.java:18)
at TestInvoicepage.openbrowser(TestInvoicepage.java:18)
at TestInvoicepage.openbrowser(TestInvoicepage.java:18)
at TestInvoicepage.openbrowser(TestInvoicepage.java:18)
at TestInvoicepage.openbrowser(TestInvoicepage.java:18)
at TestInvoicepage.openbrowser(TestInvoicepage.java:18)
at TestInvoicepage.openbrowser(TestInvoicepage.java:18)
at TestInvoicepage.openbrowser(TestInvoicepage.java:18)
at TestInvoicepage.openbrowser(TestInvoicepage.java:18)
at TestInvoicepage.openbrowser(TestInvoicepage.java:18)
at TestInvoicepage.openbrowser(TestInvoicepage.java:18)
at TestInvoicepage.openbrowser(TestInvoicepage.java:18)
at TestInvoicepage.openbrowser(TestInvoicepage.java:18)
at TestInvoicepage.openbrowser(TestInvoicepage.java:18)
at TestInvoicepage.openbrowser(TestInvoicepage.java:18)
at TestInvoicepage.openbrowser(TestInvoicepage.java:18)
at TestInvoicepage.openbrowser(TestInvoicepage.java:18)
at TestInvoicepage.openbrowser(TestInvoicepage.java:18)
at TestInvoicepage.openbrowser(TestInvoicepage.java:18)
at TestInvoicepage.openbrowser(TestInvoicepage.java:18)
at TestInvoicepage.openbrowser(TestInvoicepage.java:18)
at TestInvoicepage.openbrowser(TestInvoicepage.java:18)
at TestInvoicepage.openbrowser(TestInvoicepage.java:18)
at TestInvoicepage.openbrowser(TestInvoicepage.java:18)
at TestInvoicepage.openbrowser(TestInvoicepage.java:18)
at TestInvoicepage.openbrowser(TestInvoicepage.java:18)
at TestInvoicepage.openbrowser(TestInvoicepage.java:18)
at TestInvoicepage.openbrowser(TestInvoicepage.java:18)
at TestInvoicepage.openbrowser(TestInvoicepage.java:18)
at TestInvoicepage.openbrowser(TestInvoicepage.java:18)
at TestInvoicepage.openbrowser(TestInvoicepage.java:18)
at TestInvoicepage.openbrowser(TestInvoicepage.java:18)
at TestInvoicepage.openbrowser(TestInvoicepage.java:18)
at TestInvoicepage.openbrowser(TestInvoicepage.java:18)
at TestInvoicepage.openbrowser(TestInvoicepage.java:18)
at TestInvoicepage.openbrowser(TestInvoicepage.java:18)
at TestInvoicepage.openbrowser(TestInvoicepage.java:18)
at TestInvoicepage.openbrowser(TestInvoicepage.java:18)
at TestInvoicepage.openbrowser(TestInvoicepage.java:18)
at TestInvoicepage.openbrowser(TestInvoicepage.java:18)
at TestInvoicepage.openbrowser(TestInvoicepage.java:18)
at TestInvoicepage.openbrowser(TestInvoicepage.java:18)
at TestInvoicepage.openbrowser(TestInvoicepage.java:18)
at TestInvoicepage.openbrowser(TestInvoicepage.java:18)
at TestInvoicepage.openbrowser(TestInvoicepage.java:18)
at TestInvoicepage.openbrowser(TestInvoicepage.java:18)
at TestInvoicepage.openbrowser(TestInvoicepage.java:18)
at TestInvoicepage.openbrowser(TestInvoicepage.java:18)
at TestInvoicepage.openbrowser(TestInvoicepage.java:18)
at TestInvoicepage.openbrowser(TestInvoicepage.java:18)
at TestInvoicepage.openbrowser(TestInvoicepage.java:18)
at TestInvoicepage.openbrowser(TestInvoicepage.java:18)
at TestInvoicepage.openbrowser(TestInvoicepage.java:18)
at TestInvoicepage.openbrowser(TestInvoicepage.java:18)
at TestInvoicepage.openbrowser(TestInvoicepage.java:18)
at TestInvoicepage.openbrowser(TestInvoicepage.java:18)
at TestInvoicepage.openbrowser(TestInvoicepage.java:18)
at TestInvoicepage.openbrowser(TestInvoicepage.java:18)
at TestInvoicepage.openbrowser(TestInvoicepage.java:18)
at TestInvoicepage.openbrowser(TestInvoicepage.java:18)
at TestInvoicepage.openbrowser(TestInvoicepage.java:18)
at TestInvoicepage.openbrowser(TestInvoicepage.java:18)
at TestInvoicepage.openbrowser(TestInvoicepage.java:18)
at TestInvoicepage.openbrowser(TestInvoicepage.java:18)
at TestInvoicepage.openbrowser(TestInvoicepage.java:18)
at TestInvoicepage.openbrowser(TestInvoicepage.java:18)
at TestInvoicepage.openbrowser(TestInvoicepage.java:18)
at TestInvoicepage.openbrowser(TestInvoicepage.java:18)
at TestInvoicepage.openbrowser(TestInvoicepage.java:18)
at TestInvoicepage.openbrowser(TestInvoicepage.java:18)
at TestInvoicepage.openbrowser(TestInvoicepage.java:18)
at TestInvoicepage.openbrowser(TestInvoicepage.java:18)
at TestInvoicepage.openbrowser(TestInvoicepage.java:18)
at TestInvoicepage.openbrowser(TestInvoicepage.java:18)
at TestInvoicepage.openbrowser(TestInvoicepage.java:18)
at TestInvoicepage.openbrowser(TestInvoicepage.java:18)
at TestInvoicepage.openbrowser(TestInvoicepage.java:18)
at TestInvoicepage.openbrowser(TestInvoicepage.java:18)
at TestInvoicepage.openbrowser(TestInvoicepage.java:18)
at TestInvoicepage.openbrowser(TestInvoicepage.java:18)
at TestInvoicepage.openbrowser(TestInvoicepage.java:18)
at TestInvoicepage.openbrowser(TestInvoicepage.java:18)
at TestInvoicepage.openbrowser(TestInvoicepage.java:18)
at TestInvoicepage.openbrowser(TestInvoicepage.java:18)
at TestInvoicepage.openbrowser(TestInvoicepage.java:18)
at TestInvoicepage.openbrowser(TestInvoicepage.java:18)
at TestInvoicepage.openbrowser(TestInvoicepage.java:18)
at TestInvoicepage.openbrowser(TestInvoicepage.java:18)
at TestInvoicepage.openbrowser(TestInvoicepage.java:18)
at TestInvoicepage.openbrowser(TestInvoicepage.java:18)
at TestInvoicepage.openbrowser(TestInvoicepage.java:18)
at TestInvoicepage.openbrowser(TestInvoicepage.java:18)
at TestInvoicepage.openbrowser(TestInvoicepage.java:18)
at TestInvoicepage.openbrowser(TestInvoicepage.java:18)
at TestInvoicepage.openbrowser(TestInvoicepage.java:18)
at TestInvoicepage.openbrowser(TestInvoicepage.java:18)
at TestInvoicepage.openbrowser(TestInvoicepage.java:18)
at TestInvoicepage.openbrowser(TestInvoicepage.java:18)
at TestInvoicepage.openbrowser(TestInvoicepage.java:18)
at TestInvoicepage.openbrowser(TestInvoicepage.java:18)
at TestInvoicepage.openbrowser(TestInvoicepage.java:18)
at TestInvoicepage.openbrowser(TestInvoicepage.java:18)
at TestInvoicepage.openbrowser(TestInvoicepage.java:18)
at TestInvoicepage.openbrowser(TestInvoicepage.java:18)
at TestInvoicepage.openbrowser(TestInvoicepage.java:18)
at TestInvoicepage.openbrowser(TestInvoicepage.java:18)
at TestInvoicepage.openbrowser(TestInvoicepage.java:18)
at TestInvoicepage.openbrowser(TestInvoicepage.java:18)
at TestInvoicepage.openbrowser(TestInvoicepage.java:18)
at TestInvoicepage.openbrowser(TestInvoicepage.java:18)
at TestInvoicepage.openbrowser(TestInvoicepage.java:18)
at TestInvoicepage.openbrowser(TestInvoicepage.java:18)
at TestInvoicepage.openbrowser(TestInvoicepage.java:18)
at TestInvoicepage.openbrowser(TestInvoicepage.java:18)
at TestInvoicepage.openbrowser(TestInvoicepage.java:18)
at TestInvoicepage.openbrowser(TestInvoicepage.java:18)
at TestInvoicepage.openbrowser(TestInvoicepage.java:18)
at TestInvoicepage.openbrowser(TestInvoicepage.java:18)
at TestInvoicepage.openbrowser(TestInvoicepage.java:18)
at TestInvoicepage.openbrowser(TestInvoicepage.java:18)
at TestInvoicepage.openbrowser(TestInvoicepage.java:18)
at TestInvoicepage.openbrowser(TestInvoicepage.java:18)
at TestInvoicepage.openbrowser(TestInvoicepage.java:18)
at TestInvoicepage.openbrowser(TestInvoicepage.java:18)
at TestInvoicepage.openbrowser(TestInvoicepage.java:18)
at TestInvoicepage.openbrowser(TestInvoicepage.java:18)
at TestInvoicepage.openbrowser(TestInvoicepage.java:18)
at TestInvoicepage.openbrowser(TestInvoicepage.java:18)
at TestInvoicepage.openbrowser(TestInvoicepage.java:18)
at TestInvoicepage.openbrowser(TestInvoicepage.java:18)
at TestInvoicepage.openbrowser(TestInvoicepage.java:18)
at TestInvoicepage.openbrowser(TestInvoicepage.java:18)
at TestInvoicepage.openbrowser(TestInvoicepage.java:18)
at TestInvoicepage.openbrowser(TestInvoicepage.java:18)
at TestInvoicepage.openbrowser(TestInvoicepage.java:18)
at TestInvoicepage.openbrowser(TestInvoicepage.java:18)
at TestInvoicepage.openbrowser(TestInvoicepage.java:18)
at TestInvoicepage.openbrowser(TestInvoicepage.java:18)
at TestInvoicepage.openbrowser(TestInvoicepage.java:18)
at TestInvoicepage.openbrowser(TestInvoicepage.java:18)
at TestInvoicepage.openbrowser(TestInvoicepage.java:18)
at TestInvoicepage.openbrowser(TestInvoicepage.java:18)
at TestInvoicepage.openbrowser(TestInvoicepage.java:18)
at TestInvoicepage.openbrowser(TestInvoicepage.java:18)
at TestInvoicepage.openbrowser(TestInvoicepage.java:18)
at TestInvoicepage.openbrowser(TestInvoicepage.java:18)
at TestInvoicepage.openbrowser(TestInvoicepage.java:18)
at TestInvoicepage.openbrowser(TestInvoicepage.java:18)
at TestInvoicepage.openbrowser(TestInvoicepage.java:18)
at TestInvoicepage.openbrowser(TestInvoicepage.java:18)
at TestInvoicepage.openbrowser(TestInvoicepage.java:18)
at TestInvoicepage.openbrowser(TestInvoicepage.java:18)
at TestInvoicepage.openbrowser(TestInvoicepage.java:18)
at TestInvoicepage.openbrowser(TestInvoicepage.java:18)
at TestInvoicepage.openbrowser(TestInvoicepage.java:18)
at TestInvoicepage.openbrowser(TestInvoicepage.java:18)
at TestInvoicepage.openbrowser(TestInvoicepage.java:18)
at TestInvoicepage.openbrowser(TestInvoicepage.java:18)
at TestInvoicepage.openbrowser(TestInvoicepage.java:18)
at TestInvoicepage.openbrowser(TestInvoicepage.java:18)
at TestInvoicepage.openbrowser(TestInvoicepage.java:18)
at TestInvoicepage.openbrowser(TestInvoicepage.java:18)
at TestInvoicepage.openbrowser(TestInvoicepage.java:18)
at TestInvoicepage.openbrowser(TestInvoicepage.java:18)
at TestInvoicepage.openbrowser(TestInvoicepage.java:18)
at TestInvoicepage.openbrowser(TestInvoicepage.java:18)
at TestInvoicepage.openbrowser(TestInvoicepage.java:18)
at TestInvoicepage.openbrowser(TestInvoicepage.java:18)
at TestInvoicepage.openbrowser(TestInvoicepage.java:18)
at TestInvoicepage.openbrowser(TestInvoicepage.java:18)
at TestInvoicepage.openbrowser(TestInvoicepage.java:18)
at TestInvoicepage.openbrowser(TestInvoicepage.java:18)
at TestInvoicepage.openbrowser(TestInvoicepage.java:18)
at TestInvoicepage.openbrowser(TestInvoicepage.java:18)
at TestInvoicepage.openbrowser(TestInvoicepage.java:18)
at TestInvoicepage.openbrowser(TestInvoicepage.java:18)
at TestInvoicepage.openbrowser(TestInvoicepage.java:18)
at TestInvoicepage.openbrowser(TestInvoicepage.java:18)
at TestInvoicepage.openbrowser(TestInvoicepage.java:18)
at TestInvoicepage.openbrowser(TestInvoicepage.java:18)
at TestInvoicepage.openbrowser(TestInvoicepage.java:18)
at TestInvoicepage.openbrowser(TestInvoicepage.java:18)
at TestInvoicepage.openbrowser(TestInvoicepage.java:18)
at TestInvoicepage.openbrowser(TestInvoicepage.java:18)
at TestInvoicepage.openbrowser(TestInvoicepage.java:18)
at TestInvoicepage.openbrowser(TestInvoicepage.java:18)
at TestInvoicepage.openbrowser(TestInvoicepage.java:18)
at TestInvoicepage.openbrowser(TestInvoicepage.java:18)
at TestInvoicepage.openbrowser(TestInvoicepage.java:18)
at TestInvoicepage.openbrowser(TestInvoicepage.java:18)
at TestInvoicepage.openbrowser(TestInvoicepage.java:18)
at TestInvoicepage.openbrowser(TestInvoicepage.java:18)
at TestInvoicepage.openbrowser(TestInvoicepage.java:18)
at TestInvoicepage.openbrowser(TestInvoicepage.java:18)
at TestInvoicepage.openbrowser(TestInvoicepage.java:18)
at TestInvoicepage.openbrowser(TestInvoicepage.java:18)
at TestInvoicepage.openbrowser(TestInvoicepage.java:18)
at TestInvoicepage.openbrowser(TestInvoicepage.java:18)
at TestInvoicepage.openbrowser(TestInvoicepage.java:18)
at TestInvoicepage.openbrowser(TestInvoicepage.java:18)
at TestInvoicepage.openbrowser(TestInvoicepage.java:18)
at TestInvoicepage.openbrowser(TestInvoicepage.java:18)
at TestInvoicepage.openbrowser(TestInvoicepage.java:18)
at TestInvoicepage.openbrowser(TestInvoicepage.java:18)
at TestInvoicepage.openbrowser(TestInvoicepage.java:18)
at TestInvoicepage.openbrowser(TestInvoicepage.java:18)
at TestInvoicepage.openbrowser(TestInvoicepage.java:18)
at TestInvoicepage.openbrowser(TestInvoicepage.java:18)
at TestInvoicepage.openbrowser(TestInvoicepage.java:18)
at TestInvoicepage.openbrowser(TestInvoicepage.java:18)
at TestInvoicepage.openbrowser(TestInvoicepage.java:18)
at TestInvoicepage.openbrowser(TestInvoicepage.java:18)
at TestInvoicepage.openbrowser(TestInvoicepage.java:18)
at TestInvoicepage.openbrowser(TestInvoicepage.java:18)
at TestInvoicepage.openbrowser(TestInvoicepage.java:18)
at TestInvoicepage.openbrowser(TestInvoicepage.java:18)
at TestInvoicepage.openbrowser(TestInvoicepage.java:18)
at TestInvoicepage.openbrowser(TestInvoicepage.java:18)
at TestInvoicepage.openbrowser(TestInvoicepage.java:18)
at TestInvoicepage.openbrowser(TestInvoicepage.java:18)
at TestInvoicepage.openbrowser(TestInvoicepage.java:18)
at TestInvoicepage.openbrowser(TestInvoicepage.java:18)
at TestInvoicepage.openbrowser(TestInvoicepage.java:18)
at TestInvoicepage.openbrowser(TestInvoicepage.java:18)
at TestInvoicepage.openbrowser(TestInvoicepage.java:18)
at TestInvoicepage.openbrowser(TestInvoicepage.java:18)
at TestInvoicepage.openbrowser(TestInvoicepage.java:18)
at TestInvoicepage.openbrowser(TestInvoicepage.java:18)
at TestInvoicepage.openbrowser(TestInvoicepage.java:18)
at TestInvoicepage.openbrowser(TestInvoicepage.java:18)
at TestInvoicepage.openbrowser(TestInvoicepage.java:18)
at TestInvoicepage.openbrowser(TestInvoicepage.java:18)
at TestInvoicepage.openbrowser(TestInvoicepage.java:18)
at TestInvoicepage.openbrowser(TestInvoicepage.java:18)
at TestInvoicepage.openbrowser(TestInvoicepage.java:18)
at TestInvoicepage.openbrowser(TestInvoicepage.java:18)
at TestInvoicepage.openbrowser(TestInvoicepage.java:18)
at TestInvoicepage.openbrowser(TestInvoicepage.java:18)
at TestInvoicepage.openbrowser(TestInvoicepage.java:18)
at TestInvoicepage.openbrowser(TestInvoicepage.java:18)
at TestInvoicepage.openbrowser(TestInvoicepage.java:18)
at TestInvoicepage.openbrowser(TestInvoicepage.java:18)
at TestInvoicepage.openbrowser(TestInvoicepage.java:18)
at TestInvoicepage.openbrowser(TestInvoicepage.java:18)
at TestInvoicepage.openbrowser(TestInvoicepage.java:18)
at TestInvoicepage.openbrowser(TestInvoicepage.java:18)
at TestInvoicepage.openbrowser(TestInvoicepage.java:18)
at TestInvoicepage.openbrowser(TestInvoicepage.java:18)
at TestInvoicepage.openbrowser(TestInvoicepage.java:18)
at TestInvoicepage.openbrowser(TestInvoicepage.java:18)
at TestInvoicepage.openbrowser(TestInvoicepage.java:18)
at TestInvoicepage.openbrowser(TestInvoicepage.java:18)
at TestInvoicepage.openbrowser(TestInvoicepage.java:18)
at TestInvoicepage.openbrowser(TestInvoicepage.java:18)
at TestInvoicepage.openbrowser(TestInvoicepage.java:18)
at TestInvoicepage.openbrowser(TestInvoicepage.java:18)
at TestInvoicepage.openbrowser(TestInvoicepage.java:18)
at TestInvoicepage.openbrowser(TestInvoicepage.java:18)
at TestInvoicepage.openbrowser(TestInvoicepage.java:18)
at TestInvoicepage.openbrowser(TestInvoicepage.java:18)
at TestInvoicepage.openbrowser(TestInvoicepage.java:18)
at TestInvoicepage.openbrowser(TestInvoicepage.java:18)
at TestInvoicepage.openbrowser(TestInvoicepage.java:18)
at TestInvoicepage.openbrowser(TestInvoicepage.java:18)
at TestInvoicepage.openbrowser(TestInvoicepage.java:18)
at TestInvoicepage.openbrowser(TestInvoicepage.java:18)
at TestInvoicepage.openbrowser(TestInvoicepage.java:18)
at TestInvoicepage.openbrowser(TestInvoicepage.java:18)
at TestInvoicepage.openbrowser(TestInvoicepage.java:18)
at TestInvoicepage.openbrowser(TestInvoicepage.java:18)
at TestInvoicepage.openbrowser(TestInvoicepage.java:18)
at TestInvoicepage.openbrowser(TestInvoicepage.java:18)
at TestInvoicepage.openbrowser(TestInvoicepage.java:18)
at TestInvoicepage.openbrowser(TestInvoicepage.java:18)
at TestInvoicepage.openbrowser(TestInvoicepage.java:18)
at TestInvoicepage.openbrowser(TestInvoicepage.java:18)
at TestInvoicepage.openbrowser(TestInvoicepage.java:18)
at TestInvoicepage.openbrowser(TestInvoicepage.java:18)
at TestInvoicepage.openbrowser(TestInvoicepage.java:18)
at TestInvoicepage.openbrowser(TestInvoicepage.java:18)
at TestInvoicepage.openbrowser(TestInvoicepage.java:18)
at TestInvoicepage.openbrowser(TestInvoicepage.java:18)
at TestInvoicepage.openbrowser(TestInvoicepage.java:18)
at TestInvoicepage.openbrowser(TestInvoicepage.java:18)
at TestInvoicepage.openbrowser(TestInvoicepage.java:18)
at TestInvoicepage.openbrowser(TestInvoicepage.java:18)
at TestInvoicepage.openbrowser(TestInvoicepage.java:18)
at TestInvoicepage.openbrowser(TestInvoicepage.java:18)
at TestInvoicepage.openbrowser(TestInvoicepage.java:18)
at TestInvoicepage.openbrowser(TestInvoicepage.java:18)
at TestInvoicepage.openbrowser(TestInvoicepage.java:18)
at TestInvoicepage.openbrowser(TestInvoicepage.java:18)
at TestInvoicepage.openbrowser(TestInvoicepage.java:18)
at TestInvoicepage.openbrowser(TestInvoicepage.java:18)
at TestInvoicepage.openbrowser(TestInvoicepage.java:18)
at TestInvoicepage.openbrowser(TestInvoicepage.java:18)
at TestInvoicepage.openbrowser(TestInvoicepage.java:18)
at TestInvoicepage.openbrowser(TestInvoicepage.java:18)
at TestInvoicepage.openbrowser(TestInvoicepage.java:18)
at TestInvoicepage.openbrowser(TestInvoicepage.java:18)
at TestInvoicepage.openbrowser(TestInvoicepage.java:18)
at TestInvoicepage.openbrowser(TestInvoicepage.java:18)
at TestInvoicepage.openbrowser(TestInvoicepage.java:18)
at TestInvoicepage.openbrowser(TestInvoicepage.java:18)
at TestInvoicepage.openbrowser(TestInvoicepage.java:18)
at TestInvoicepage.openbrowser(TestInvoicepage.java:18)
at TestInvoicepage.openbrowser(TestInvoicepage.java:18)
at TestInvoicepage.openbrowser(TestInvoicepage.java:18)
at TestInvoicepage.openbrowser(TestInvoicepage.java:18)
at TestInvoicepage.openbrowser(TestInvoicepage.java:18)
at TestInvoicepage.openbrowser(TestInvoicepage.java:18)
at TestInvoicepage.openbrowser(TestInvoicepage.java:18)
at TestInvoicepage.openbrowser(TestInvoicepage.java:18)
at TestInvoicepage.openbrowser(TestInvoicepage.java:18)
at TestInvoicepage.openbrowser(TestInvoicepage.java:18)
at TestInvoicepage.openbrowser(TestInvoicepage.java:18)
at TestInvoicepage.openbrowser(TestInvoicepage.java:18)
at TestInvoicepage.openbrowser(TestInvoicepage.java:18)
at TestInvoicepage.openbrowser(TestInvoicepage.java:18)
at TestInvoicepage.openbrowser(TestInvoicepage.java:18)
at TestInvoicepage.openbrowser(TestInvoicepage.java:18)
at TestInvoicepage.openbrowser(TestInvoicepage.java:18)
at TestInvoicepage.openbrowser(TestInvoicepage.java:18)
at TestInvoicepage.openbrowser(TestInvoicepage.java:18)
at TestInvoicepage.openbrowser(TestInvoicepage.java:18)
at TestInvoicepage.openbrowser(TestInvoicepage.java:18)
at TestInvoicepage.openbrowser(TestInvoicepage.java:18)
at TestInvoicepage.openbrowser(TestInvoicepage.java:18)
at TestInvoicepage.openbrowser(TestInvoicepage.java:18)
at TestInvoicepage.openbrowser(TestInvoicepage.java:18)
at TestInvoicepage.openbrowser(TestInvoicepage.java:18)
at TestInvoicepage.openbrowser(TestInvoicepage.java:18)
at TestInvoicepage.openbrowser(TestInvoicepage.java:18)
at TestInvoicepage.openbrowser(TestInvoicepage.java:18)
at TestInvoicepage.openbrowser(TestInvoicepage.java:18)
at TestInvoicepage.openbrowser(TestInvoicepage.java:18)
at TestInvoicepage.openbrowser(TestInvoicepage.java:18)
at TestInvoicepage.openbrowser(TestInvoicepage.java:18)
at TestInvoicepage.openbrowser(TestInvoicepage.java:18)
at TestInvoicepage.openbrowser(TestInvoicepage.java:18)
at TestInvoicepage.openbrowser(TestInvoicepage.java:18)
at TestInvoicepage.openbrowser(TestInvoicepage.java:18)
at TestInvoicepage.openbrowser(TestInvoicepage.java:18)
at TestInvoicepage.openbrowser(TestInvoicepage.java:18)
at TestInvoicepage.openbrowser(TestInvoicepage.java:18)
at TestInvoicepage.openbrowser(TestInvoicepage.java:18)
at TestInvoicepage.openbrowser(TestInvoicepage.java:18)
at TestInvoicepage.openbrowser(TestInvoicepage.java:18)
at TestInvoicepage.openbrowser(TestInvoicepage.java:18)
at TestInvoicepage.openbrowser(TestInvoicepage.java:18)
at TestInvoicepage.openbrowser(TestInvoicepage.java:18)
at TestInvoicepage.openbrowser(TestInvoicepage.java:18)
at TestInvoicepage.openbrowser(TestInvoicepage.java:18)
at TestInvoicepage.openbrowser(TestInvoicepage.java:18)
at TestInvoicepage.openbrowser(TestInvoicepage.java:18)
at TestInvoicepage.openbrowser(TestInvoicepage.java:18)
at TestInvoicepage.openbrowser(TestInvoicepage.java:18)
at TestInvoicepage.openbrowser(TestInvoicepage.java:18)
at TestInvoicepage.openbrowser(TestInvoicepage.java:18)
at TestInvoicepage.openbrowser(TestInvoicepage.java:18)
at TestInvoicepage.openbrowser(TestInvoicepage.java:18)
at TestInvoicepage.openbrowser(TestInvoicepage.java:18)
at TestInvoicepage.openbrowser(TestInvoicepage.java:18)
at TestInvoicepage.openbrowser(TestInvoicepage.java:18)
at TestInvoicepage.openbrowser(TestInvoicepage.java:18)
at TestInvoicepage.openbrowser(TestInvoicepage.java:18)
at TestInvoicepage.openbrowser(TestInvoicepage.java:18)
at TestInvoicepage.openbrowser(TestInvoicepage.java:18)
at TestInvoicepage.openbrowser(TestInvoicepage.java:18)
at TestInvoicepage.openbrowser(TestInvoicepage.java:18)
at TestInvoicepage.openbrowser(TestInvoicepage.java:18)
at TestInvoicepage.openbrowser(TestInvoicepage.java:18)
at TestInvoicepage.openbrowser(TestInvoicepage.java:18)
at TestInvoicepage.openbrowser(TestInvoicepage.java:18)
at TestInvoicepage.openbrowser(TestInvoicepage.java:18)
at TestInvoicepage.openbrowser(TestInvoicepage.java:18)
at TestInvoicepage.openbrowser(TestInvoicepage.java:18)
at TestInvoicepage.openbrowser(TestInvoicepage.java:18)
at TestInvoicepage.openbrowser(TestInvoicepage.java:18)
at TestInvoicepage.openbrowser(TestInvoicepage.java:18)
at TestInvoicepage.openbrowser(TestInvoicepage.java:18)
at TestInvoicepage.openbrowser(TestInvoicepage.java:18)
at TestInvoicepage.openbrowser(TestInvoicepage.java:18)
at TestInvoicepage.openbrowser(TestInvoicepage.java:18)
at TestInvoicepage.openbrowser(TestInvoicepage.java:18)
at TestInvoicepage.openbrowser(TestInvoicepage.java:18)
at TestInvoicepage.openbrowser(TestInvoicepage.java:18)
at TestInvoicepage.openbrowser(TestInvoicepage.java:18)
at TestInvoicepage.openbrowser(TestInvoicepage.java:18)
at TestInvoicepage.openbrowser(TestInvoicepage.java:18)
at TestInvoicepage.openbrowser(TestInvoicepage.java:18)
at TestInvoicepage.openbrowser(TestInvoicepage.java:18)
at TestInvoicepage.openbrowser(TestInvoicepage.java:18)
at TestInvoicepage.openbrowser(TestInvoicepage.java:18)
at TestInvoicepage.openbrowser(TestInvoicepage.java:18)
at TestInvoicepage.openbrowser(TestInvoicepage.java:18)
at TestInvoicepage.openbrowser(TestInvoicepage.java:18)
at TestInvoicepage.openbrowser(TestInvoicepage.java:18)
at TestInvoicepage.openbrowser(TestInvoicepage.java:18)
at TestInvoicepage.openbrowser(TestInvoicepage.java:18)
at TestInvoicepage.openbrowser(TestInvoicepage.java:18)
at TestInvoicepage.openbrowser(TestInvoicepage.java:18)
at TestInvoicepage.openbrowser(TestInvoicepage.java:18)
at TestInvoicepage.openbrowser(TestInvoicepage.java:18)
at TestInvoicepage.openbrowser(TestInvoicepage.java:18)
at TestInvoicepage.openbrowser(TestInvoicepage.java:18)
at TestInvoicepage.openbrowser(TestInvoicepage.java:18)
at TestInvoicepage.openbrowser(TestInvoicepage.java:18)
at TestInvoicepage.openbrowser(TestInvoicepage.java:18)
at TestInvoicepage.openbrowser(TestInvoicepage.java:18)
at TestInvoicepage.openbrowser(TestInvoicepage.java:18)
at TestInvoicepage.openbrowser(TestInvoicepage.java:18)
at TestInvoicepage.openbrowser(TestInvoicepage.java:18)
at TestInvoicepage.openbrowser(TestInvoicepage.java:18)
at TestInvoicepage.openbrowser(TestInvoicepage.java:18)
at TestInvoicepage.openbrowser(TestInvoicepage.java:18)
at TestInvoicepage.openbrowser(TestInvoicepage.java:18)
at TestInvoicepage.openbrowser(TestInvoicepage.java:18)
at TestInvoicepage.openbrowser(TestInvoicepage.java:18)
at TestInvoicepage.openbrowser(TestInvoicepage.java:18)
at TestInvoicepage.openbrowser(TestInvoicepage.java:18)
at TestInvoicepage.openbrowser(TestInvoicepage.java:18)
at TestInvoicepage.openbrowser(TestInvoicepage.java:18)
at TestInvoicepage.openbrowser(TestInvoicepage.java:18)
at TestInvoicepage.openbrowser(TestInvoicepage.java:18)
at TestInvoicepage.openbrowser(TestInvoicepage.java:18)
at TestInvoicepage.openbrowser(TestInvoicepage.java:18)
at TestInvoicepage.openbrowser(TestInvoicepage.java:18)
at TestInvoicepage.openbrowser(TestInvoicepage.java:18)
at TestInvoicepage.openbrowser(TestInvoicepage.java:18)
at TestInvoicepage.openbrowser(TestInvoicepage.java:18)
at TestInvoicepage.openbrowser(TestInvoicepage.java:18)
at TestInvoicepage.openbrowser(TestInvoicepage.java:18)
at TestInvoicepage.openbrowser(TestInvoicepage.java:18)
at TestInvoicepage.openbrowser(TestInvoicepage.java:18)
at TestInvoicepage.openbrowser(TestInvoicepage.java:18)
at TestInvoicepage.openbrowser(TestInvoicepage.java:18)
at TestInvoicepage.openbrowser(TestInvoicepage.java:18)
at TestInvoicepage.openbrowser(TestInvoicepage.java:18)
at TestInvoicepage.openbrowser(TestInvoicepage.java:18)
at TestInvoicepage.openbrowser(TestInvoicepage.java:18)
at TestInvoicepage.openbrowser(TestInvoicepage.java:18)
at TestInvoicepage.openbrowser(TestInvoicepage.java:18)
at TestInvoicepage.openbrowser(TestInvoicepage.java:18)
at TestInvoicepage.openbrowser(TestInvoicepage.java:18)
at TestInvoicepage.openbrowser(TestInvoicepage.java:18)
at TestInvoicepage.openbrowser(TestInvoicepage.java:18)
at TestInvoicepage.openbrowser(TestInvoicepage.java:18)
at TestInvoicepage.openbrowser(TestInvoicepage.java:18)
at TestInvoicepage.openbrowser(TestInvoicepage.java:18)
at TestInvoicepage.openbrowser(TestInvoicepage.java:18)
at TestInvoicepage.openbrowser(TestInvoicepage.java:18)
at TestInvoicepage.openbrowser(TestInvoicepage.java:18)
at TestInvoicepage.openbrowser(TestInvoicepage.java:18)
at TestInvoicepage.openbrowser(TestInvoicepage.java:18)
at TestInvoicepage.openbrowser(TestInvoicepage.java:18)
at TestInvoicepage.openbrowser(TestInvoicepage.java:18)
at TestInvoicepage.openbrowser(TestInvoicepage.java:18)
at TestInvoicepage.openbrowser(TestInvoicepage.java:18)
at TestInvoicepage.openbrowser(TestInvoicepage.java:18)
at TestInvoicepage.openbrowser(TestInvoicepage.java:18)
at TestInvoicepage.openbrowser(TestInvoicepage.java:18)
at TestInvoicepage.openbrowser(TestInvoicepage.java:18)
at TestInvoicepage.openbrowser(TestInvoicepage.java:18)
at TestInvoicepage.openbrowser(TestInvoicepage.java:18)
at TestInvoicepage.openbrowser(TestInvoicepage.java:18)
at TestInvoicepage.openbrowser(TestInvoicepage.java:18)
at TestInvoicepage.openbrowser(TestInvoicepage.java:18)
at TestInvoicepage.openbrowser(TestInvoicepage.java:18)
at TestInvoicepage.openbrowser(TestInvoicepage.java:18)
at TestInvoicepage.openbrowser(TestInvoicepage.java:18)
at TestInvoicepage.openbrowser(TestInvoicepage.java:18)
at TestInvoicepage.openbrowser(TestInvoicepage.java:18)
at TestInvoicepage.openbrowser(TestInvoicepage.java:18)
at TestInvoicepage.openbrowser(TestInvoicepage.java:18)
at TestInvoicepage.openbrowser(TestInvoicepage.java:18)
at TestInvoicepage.openbrowser(TestInvoicepage.java:18)
at TestInvoicepage.openbrowser(TestInvoicepage.java:18)
at TestInvoicepage.openbrowser(TestInvoicepage.java:18)
at TestInvoicepage.openbrowser(TestInvoicepage.java:18)
at TestInvoicepage.openbrowser(TestInvoicepage.java:18)
at TestInvoicepage.openbrowser(TestInvoicepage.java:18)
at TestInvoicepage.openbrowser(TestInvoicepage.java:18)
at TestInvoicepage.openbrowser(TestInvoicepage.java:18)
at TestInvoicepage.openbrowser(TestInvoicepage.java:18)
at TestInvoicepage.openbrowser(TestInvoicepage.java:18)
at TestInvoicepage.openbrowser(TestInvoicepage.java:18)
at TestInvoicepage.openbrowser(TestInvoicepage.java:18)
at TestInvoicepage.openbrowser(TestInvoicepage.java:18)
at TestInvoicepage.openbrowser(TestInvoicepage.java:18)
at TestInvoicepage.openbrowser(TestInvoicepage.java:18)
at TestInvoicepage.openbrowser(TestInvoicepage.java:18)
at TestInvoicepage.openbrowser(TestInvoicepage.java:18)
at TestInvoicepage.openbrowser(TestInvoicepage.java:18)
at TestInvoicepage.openbrowser(TestInvoicepage.java:18)
at TestInvoicepage.openbrowser(TestInvoicepage.java:18)
at TestInvoicepage.openbrowser(TestInvoicepage.java:18)
at TestInvoicepage.openbrowser(TestInvoicepage.java:18)
at TestInvoicepage.openbrowser(TestInvoicepage.java:18)
at TestInvoicepage.openbrowser(TestInvoicepage.java:18)
at TestInvoicepage.openbrowser(TestInvoicepage.java:18)
at TestInvoicepage.openbrowser(TestInvoicepage.java:18)
at TestInvoicepage.openbrowser(TestInvoicepage.java:18)
at TestInvoicepage.openbrowser(TestInvoicepage.java:18)
at TestInvoicepage.openbrowser(TestInvoicepage.java:18)
at TestInvoicepage.openbrowser(TestInvoicepage.java:18)
at TestInvoicepage.openbrowser(TestInvoicepage.java:18)
at TestInvoicepage.openbrowser(TestInvoicepage.java:18)
at TestInvoicepage.openbrowser(TestInvoicepage.java:18)
at TestInvoicepage.openbrowser(TestInvoicepage.java:18)
at TestInvoicepage.openbrowser(TestInvoicepage.java:18)
at TestInvoicepage.openbrowser(TestInvoicepage.java:18)
at TestInvoicepage.openbrowser(TestInvoicepage.java:18)
at TestInvoicepage.openbrowser(TestInvoicepage.java:18)
at TestInvoicepage.openbrowser(TestInvoicepage.java:18)
at TestInvoicepage.openbrowser(TestInvoicepage.java:18)
at TestInvoicepage.openbrowser(TestInvoicepage.java:18)
at TestInvoicepage.openbrowser(TestInvoicepage.java:18)
at TestInvoicepage.openbrowser(TestInvoicepage.java:18)
at TestInvoicepage.openbrowser(TestInvoicepage.java:18)
at TestInvoicepage.openbrowser(TestInvoicepage.java:18)
at TestInvoicepage.openbrowser(TestInvoicepage.java:18)
at TestInvoicepage.openbrowser(TestInvoicepage.java:18)
at TestInvoicepage.openbrowser(TestInvoicepage.java:18)
at TestInvoicepage.openbrowser(TestInvoicepage.java:18)
at TestInvoicepage.openbrowser(TestInvoicepage.java:18)
at TestInvoicepage.openbrowser(TestInvoicepage.java:18)
at TestInvoicepage.openbrowser(TestInvoicepage.java:18)
at TestInvoicepage.openbrowser(TestInvoicepage.java:18)
at TestInvoicepage.openbrowser(TestInvoicepage.java:18)
at TestInvoicepage.openbrowser(TestInvoicepage.java:18)
at TestInvoicepage.openbrowser(TestInvoicepage.java:18)
at TestInvoicepage.openbrowser(TestInvoicepage.java:18)
at TestInvoicepage.openbrowser(TestInvoicepage.java:18)
at TestInvoicepage.openbrowser(TestInvoicepage.java:18)
at TestInvoicepage.openbrowser(TestInvoicepage.java:18)
at TestInvoicepage.openbrowser(TestInvoicepage.java:18)
at TestInvoicepage.openbrowser(TestInvoicepage.java:18)
at TestInvoicepage.openbrowser(TestInvoicepage.java:18)
at TestInvoicepage.openbrowser(TestInvoicepage.java:18)
at TestInvoicepage.openbrowser(TestInvoicepage.java:18)
at TestInvoicepage.openbrowser(TestInvoicepage.java:18)
at TestInvoicepage.openbrowser(TestInvoicepage.java:18)
at TestInvoicepage.openbrowser(TestInvoicepage.java:18)
at TestInvoicepage.openbrowser(TestInvoicepage.java:18)
at TestInvoicepage.openbrowser(TestInvoicepage.java:18)
at TestInvoicepage.openbrowser(TestInvoicepage.java:18)
at TestInvoicepage.openbrowser(TestInvoicepage.java:18)
at TestInvoicepage.openbrowser(TestInvoicepage.java:18)
at TestInvoicepage.openbrowser(TestInvoicepage.java:18)
at TestInvoicepage.openbrowser(TestInvoicepage.java:18)
at TestInvoicepage.openbrowser(TestInvoicepage.java:18)
at TestInvoicepage.openbrowser(TestInvoicepage.java:18)
at TestInvoicepage.openbrowser(TestInvoicepage.java:18)
at TestInvoicepage.openbrowser(TestInvoicepage.java:18)
at TestInvoicepage.openbrowser(TestInvoicepage.java:18)
at TestInvoicepage.openbrowser(TestInvoicepage.java:18)
at TestInvoicepage.openbrowser(TestInvoicepage.java:18)
at TestInvoicepage.openbrowser(TestInvoicepage.java:18)
at TestInvoicepage.openbrowser(TestInvoicepage.java:18)
at TestInvoicepage.openbrowser(TestInvoicepage.java:18)
at TestInvoicepage.openbrowser(TestInvoicepage.java:18)
at TestInvoicepage.openbrowser(TestInvoicepage.java:18)
at TestInvoicepage.openbrowser(TestInvoicepage.java:18)
at TestInvoicepage.openbrowser(TestInvoicepage.java:18)
at TestInvoicepage.openbrowser(TestInvoicepage.java:18)
at TestInvoicepage.openbrowser(TestInvoicepage.java:18)
at TestInvoicepage.openbrowser(TestInvoicepage.java:18)
at TestInvoicepage.openbrowser(TestInvoicepage.java:18)
at TestInvoicepage.openbrowser(TestInvoicepage.java:18)
at TestInvoicepage.openbrowser(TestInvoicepage.java:18)
at TestInvoicepage.openbrowser(TestInvoicepage.java:18)
at TestInvoicepage.openbrowser(TestInvoicepage.java:18)
at TestInvoicepage.openbrowser(TestInvoicepage.java:18)
at TestInvoicepage.openbrowser(TestInvoicepage.java:18)
at TestInvoicepage.openbrowser(TestInvoicepage.java:18)
at TestInvoicepage.openbrowser(TestInvoicepage.java:18)
at TestInvoicepage.openbrowser(TestInvoicepage.java:18)
at TestInvoicepage.openbrowser(TestInvoicepage.java:18)
at TestInvoicepage.openbrowser(TestInvoicepage.java:18)
at TestInvoicepage.openbrowser(TestInvoicepage.java:18)
at TestInvoicepage.openbrowser(TestInvoicepage.java:18)
at TestInvoicepage.openbrowser(TestInvoicepage.java:18)
at TestInvoicepage.openbrowser(TestInvoicepage.java:18)
at TestInvoicepage.openbrowser(TestInvoicepage.java:18)
at TestInvoicepage.openbrowser(TestInvoicepage.java:18)
at TestInvoicepage.openbrowser(TestInvoicepage.java:18)
at TestInvoicepage.openbrowser(TestInvoicepage.java:18)
at TestInvoicepage.openbrowser(TestInvoicepage.java:18)
at TestInvoicepage.openbrowser(TestInvoicepage.java:18)
at TestInvoicepage.openbrowser(TestInvoicepage.java:18)
at TestInvoicepage.openbrowser(TestInvoicepage.java:18)
at TestInvoicepage.openbrowser(TestInvoicepage.java:18)
at TestInvoicepage.openbrowser(TestInvoicepage.java:18)
at TestInvoicepage.openbrowser(TestInvoicepage.java:18)
at TestInvoicepage.openbrowser(TestInvoicepage.java:18)
at TestInvoicepage.openbrowser(TestInvoicepage.java:18)
at TestInvoicepage.openbrowser(TestInvoicepage.java:18)
at TestInvoicepage.openbrowser(TestInvoicepage.java:18)
at TestInvoicepage.openbrowser(TestInvoicepage.java:18)
at TestInvoicepage.openbrowser(TestInvoicepage.java:18)
at TestInvoicepage.openbrowser(TestInvoicepage.java:18)
at TestInvoicepage.openbrowser(TestInvoicepage.java:18)
at TestInvoicepage.openbrowser(TestInvoicepage.java:18)
at TestInvoicepage.openbrowser(TestInvoicepage.java:18)
at TestInvoicepage.openbrowser(TestInvoicepage.java:18)
at TestInvoicepage.openbrowser(TestInvoicepage.java:18)
at TestInvoicepage.openbrowser(TestInvoicepage.java:18)
at TestInvoicepage.openbrowser(TestInvoicepage.java:18)
at TestInvoicepage.openbrowser(TestInvoicepage.java:18)
at TestInvoicepage.openbrowser(TestInvoicepage.java:18)
at TestInvoicepage.openbrowser(TestInvoicepage.java:18)
at TestInvoicepage.openbrowser(TestInvoicepage.java:18)
at TestInvoicepage.openbrowser(TestInvoicepage.java:18)
at TestInvoicepage.openbrowser(TestInvoicepage.java:18)
at TestInvoicepage.openbrowser(TestInvoicepage.java:18)
at TestInvoicepage.openbrowser(TestInvoicepage.java:18)
at TestInvoicepage.openbrowser(TestInvoicepage.java:18)
at TestInvoicepage.openbrowser(TestInvoicepage.java:18)
at TestInvoicepage.openbrowser(TestInvoicepage.java:18)
at TestInvoicepage.openbrowser(TestInvoicepage.java:18)
at TestInvoicepage.openbrowser(TestInvoicepage.java:18)
at TestInvoicepage.openbrowser(TestInvoicepage.java:18)
at TestInvoicepage.openbrowser(TestInvoicepage.java:18)
at TestInvoicepage.openbrowser(TestInvoicepage.java:18)
at TestInvoicepage.openbrowser(TestInvoicepage.java:18)
at TestInvoicepage.openbrowser(TestInvoicepage.java:18)
at TestInvoicepage.openbrowser(TestInvoicepage.java:18)
at TestInvoicepage.openbrowser(TestInvoicepage.java:18)
at TestInvoicepage.openbrowser(TestInvoicepage.java:18)
at TestInvoicepage.openbrowser(TestInvoicepage.java:18)
at TestInvoicepage.openbrowser(TestInvoicepage.java:18)
at TestInvoicepage.openbrowser(TestInvoicepage.java:18)
at TestInvoicepage.openbrowser(TestInvoicepage.java:18)
at TestInvoicepage.openbrowser(TestInvoicepage.java:18)
at TestInvoicepage.openbrowser(TestInvoicepage.java:18)
at TestInvoicepage.openbrowser(TestInvoicepage.java:18)
at TestInvoicepage.openbrowser(TestInvoicepage.java:18)
at TestInvoicepage.openbrowser(TestInvoicepage.java:18)
at TestInvoicepage.openbrowser(TestInvoicepage.java:18)
at TestInvoicepage.openbrowser(TestInvoicepage.java:18)
at TestInvoicepage.openbrowser(TestInvoicepage.java:18)
at TestInvoicepage.openbrowser(TestInvoicepage.java:18)
at TestInvoicepage.openbrowser(TestInvoicepage.java:18)
at TestInvoicepage.openbrowser(TestInvoicepage.java:18)
at TestInvoicepage.openbrowser(TestInvoicepage.java:18)
at TestInvoicepage.openbrowser(TestInvoicepage.java:18)
at TestInvoicepage.openbrowser(TestInvoicepage.java:18)
at TestInvoicepage.openbrowser(TestInvoicepage.java:18)
at TestInvoicepage.openbrowser(TestInvoicepage.java:18)
at TestInvoicepage.openbrowser(TestInvoicepage.java:18)
at TestInvoicepage.openbrowser(TestInvoicepage.java:18)
at TestInvoicepage.openbrowser(TestInvoicepage.java:18)
at TestInvoicepage.openbrowser(TestInvoicepage.java:18)
at TestInvoicepage.openbrowser(TestInvoicepage.java:18)
at TestInvoicepage.openbrowser(TestInvoicepage.java:18)
at TestInvoicepage.openbrowser(TestInvoicepage.java:18)
at TestInvoicepage.openbrowser(TestInvoicepage.java:18)
at TestInvoicepage.openbrowser(TestInvoicepage.java:18)
at TestInvoicepage.openbrowser(TestInvoicepage.java:18)
at TestInvoicepage.openbrowser(TestInvoicepage.java:18)
at TestInvoicepage.openbrowser(TestInvoicepage.java:18)
at TestInvoicepage.openbrowser(TestInvoicepage.java:18)
at TestInvoicepage.openbrowser(TestInvoicepage.java:18)
at TestInvoicepage.openbrowser(TestInvoicepage.java:18)
at TestInvoicepage.openbrowser(TestInvoicepage.java:18)
at TestInvoicepage.openbrowser(TestInvoicepage.java:18)
at TestInvoicepage.openbrowser(TestInvoicepage.java:18)
at TestInvoicepage.openbrowser(TestInvoicepage.java:18)
at TestInvoicepage.openbrowser(TestInvoicepage.java:18)
at TestInvoicepage.openbrowser(TestInvoicepage.java:18)
at TestInvoicepage.openbrowser(TestInvoicepage.java:18)
at TestInvoicepage.openbrowser(TestInvoicepage.java:18)
at TestInvoicepage.openbrowser(TestInvoicepage.java:18)
at TestInvoicepage.openbrowser(TestInvoicepage.java:18)
at TestInvoicepage.openbrowser(TestInvoicepage.java:18)
at TestInvoicepage.openbrowser(TestInvoicepage.java:18)
at TestInvoicepage.openbrowser(TestInvoicepage.java:18)
at TestInvoicepage.openbrowser(TestInvoicepage.java:18)
at TestInvoicepage.openbrowser(TestInvoicepage.java:18)
at TestInvoicepage.openbrowser(TestInvoicepage.java:18)
at TestInvoicepage.openbrowser(TestInvoicepage.java:18)
at TestInvoicepage.openbrowser(TestInvoicepage.java:18)
at TestInvoicepage.openbrowser(TestInvoicepage.java:18)
at TestInvoicepage.openbrowser(TestInvoicepage.java:18)
at TestInvoicepage.openbrowser(TestInvoicepage.java:18)
at TestInvoicepage.openbrowser(TestInvoicepage.java:18)
at TestInvoicepage.openbrowser(TestInvoicepage.java:18)
at TestInvoicepage.openbrowser(TestInvoicepage.java:18)
at TestInvoicepage.openbrowser(TestInvoicepage.java:18)
at TestInvoicepage.openbrowser(TestInvoicepage.java:18)
at TestInvoicepage.openbrowser(TestInvoicepage.java:18)
at TestInvoicepage.openbrowser(TestInvoicepage.java:18)
at TestInvoicepage.openbrowser(TestInvoicepage.java:18)
at TestInvoicepage.openbrowser(TestInvoicepage.java:18)
at TestInvoicepage.openbrowser(TestInvoicepage.java:18)
at TestInvoicepage.openbrowser(TestInvoicepage.java:18)
at TestInvoicepage.openbrowser(TestInvoicepage.java:18)
at TestInvoicepage.openbrowser(TestInvoicepage.java:18)
at TestInvoicepage.openbrowser(TestInvoicepage.java:18)
at TestInvoicepage.openbrowser(TestInvoicepage.java:18)
at TestInvoicepage.openbrowser(TestInvoicepage.java:18)
at TestInvoicepage.openbrowser(TestInvoicepage.java:18)
at TestInvoicepage.openbrowser(TestInvoicepage.java:18)
at TestInvoicepage.openbrowser(TestInvoicepage.java:18)
at TestInvoicepage.openbrowser(TestInvoicepage.java:18)
at TestInvoicepage.openbrowser(TestInvoicepage.java:18)
at TestInvoicepage.openbrowser(TestInvoicepage.java:18)
at TestInvoicepage.openbrowser(TestInvoicepage.java:18)
at TestInvoicepage.openbrowser(TestInvoicepage.java:18)
at TestInvoicepage.openbrowser(TestInvoicepage.java:18)
at TestInvoicepage.openbrowser(TestInvoicepage.java:18)
at TestInvoicepage.openbrowser(TestInvoicepage.java:18)
at TestInvoicepage.openbrowser(TestInvoicepage.java:18)
at TestInvoicepage.openbrowser(TestInvoicepage.java:18)
at TestInvoicepage.openbrowser(TestInvoicepage.java:18)
at TestInvoicepage.openbrowser(TestInvoicepage.java:18)
at TestInvoicepage.openbrowser(TestInvoicepage.java:18)
at TestInvoicepage.openbrowser(TestInvoicepage.java:18)
at TestInvoicepage.openbrowser(TestInvoicepage.java:18)
at TestInvoicepage.openbrowser(TestInvoicepage.java:18)
at TestInvoicepage.openbrowser(TestInvoicepage.java:18)
at TestInvoicepage.openbrowser(TestInvoicepage.java:18)
at TestInvoicepage.openbrowser(TestInvoicepage.java:18)
at TestInvoicepage.openbrowser(TestInvoicepage.java:18)
at TestInvoicepage.openbrowser(TestInvoicepage.java:18)
at TestInvoicepage.openbrowser(TestInvoicepage.java:18)
at TestInvoicepage.openbrowser(TestInvoicepage.java:18)
at TestInvoicepage.openbrowser(TestInvoicepage.java:18)
at TestInvoicepage.openbrowser(TestInvoicepage.java:18)
at TestInvoicepage.openbrowser(TestInvoicepage.java:18)
at TestInvoicepage.openbrowser(TestInvoicepage.java:18)
at TestInvoicepage.openbrowser(TestInvoicepage.java:18)
at TestInvoicepage.openbrowser(TestInvoicepage.java:18)
at TestInvoicepage.openbrowser(TestInvoicepage.java:18)
at TestInvoicepage.openbrowser(TestInvoicepage.java:18)
at TestInvoicepage.openbrowser(TestInvoicepage.java:18)
at TestInvoicepage.openbrowser(TestInvoicepage.java:18)
at TestInvoicepage.openbrowser(TestInvoicepage.java:18)
at TestInvoicepage.openbrowser(TestInvoicepage.java:18)
at TestInvoicepage.openbrowser(TestInvoicepage.java:18)
at TestInvoicepage.openbrowser(TestInvoicepage.java:18)
at TestInvoicepage.openbrowser(TestInvoicepage.java:18)
at TestInvoicepage.openbrowser(TestInvoicepage.java:18)
at TestInvoicepage.openbrowser(TestInvoicepage.java:18)
at TestInvoicepage.openbrowser(TestInvoicepage.java:18)
at TestInvoicepage.openbrowser(TestInvoicepage.java:18)
at TestInvoicepage.openbrowser(TestInvoicepage.java:18)
at TestInvoicepage.openbrowser(TestInvoicepage.java:18)
at TestInvoicepage.openbrowser(TestInvoicepage.java:18)
at TestInvoicepage.openbrowser(TestInvoicepage.java:18)
at TestInvoicepage.openbrowser(TestInvoicepage.java:18)
at TestInvoicepage.openbrowser(TestInvoicepage.java:18)
at TestInvoicepage.openbrowser(TestInvoicepage.java:18)
at TestInvoicepage.openbrowser(TestInvoicepage.java:18)
at TestInvoicepage.openbrowser(TestInvoicepage.java:18)
at TestInvoicepage.openbrowser(TestInvoicepage.java:18)
at TestInvoicepage.openbrowser(TestInvoicepage.java:18)
at TestInvoicepage.openbrowser(TestInvoicepage.java:18)
at TestInvoicepage.openbrowser(TestInvoicepage.java:18)
at TestInvoicepage.openbrowser(TestInvoicepage.java:18)
at TestInvoicepage.openbrowser(TestInvoicepage.java:18)
at TestInvoicepage.openbrowser(TestInvoicepage.java:18)
at TestInvoicepage.openbrowser(TestInvoicepage.java:18)
at TestInvoicepage.openbrowser(TestInvoicepage.java:18)
at TestInvoicepage.openbrowser(TestInvoicepage.java:18)
at TestInvoicepage.openbrowser(TestInvoicepage.java:18)
at TestInvoicepage.openbrowser(TestInvoicepage.java:18)
at TestInvoicepage.openbrowser(TestInvoicepage.java:18)
at TestInvoicepage.openbrowser(TestInvoicepage.java:18)
at TestInvoicepage.openbrowser(TestInvoicepage.java:18)
at TestInvoicepage.openbrowser(TestInvoicepage.java:18)
at TestInvoicepage.openbrowser(TestInvoicepage.java:18)
at TestInvoicepage.openbrowser(TestInvoicepage.java:18)
at TestInvoicepage.openbrowser(TestInvoicepage.java:18)
at TestInvoicepage.openbrowser(TestInvoicepage.java:18)
at TestInvoicepage.openbrowser(TestInvoicepage.java:18)
at TestInvoicepage.openbrowser(TestInvoicepage.java:18)
at TestInvoicepage.openbrowser(TestInvoicepage.java:18)
at TestInvoicepage.openbrowser(TestInvoicepage.java:18)
at TestInvoicepage.openbrowser(TestInvoicepage.java:18)
at TestInvoicepage.openbrowser(TestInvoicepage.java:18)
at TestInvoicepage.openbrowser(TestInvoicepage.java:18)
at TestInvoicepage.openbrowser(TestInvoicepage.java:18)
at TestInvoicepage.openbrowser(TestInvoicepage.java:18)
at TestInvoicepage.openbrowser(TestInvoicepage.java:18)
at TestInvoicepage.openbrowser(TestInvoicepage.java:18)
at TestInvoicepage.openbrowser(TestInvoicepage.java:18)
at TestInvoicepage.openbrowser(TestInvoicepage.java:18)
at TestInvoicepage.openbrowser(TestInvoicepage.java:18)
at TestInvoicepage.openbrowser(TestInvoicepage.java:18)
at TestInvoicepage.openbrowser(TestInvoicepage.java:18)
at TestInvoicepage.openbrowser(TestInvoicepage.java:18)
at TestInvoicepage.openbrowser(TestInvoicepage.java:18)
at TestInvoicepage.openbrowser(TestInvoicepage.java:18)
at TestInvoicepage.openbrowser(TestInvoicepage.java:18)
at TestInvoicepage.openbrowser(TestInvoicepage.java:18)
at TestInvoicepage.openbrowser(TestInvoicepage.java:18)
at TestInvoicepage.openbrowser(TestInvoicepage.java:18)
at TestInvoicepage.openbrowser(TestInvoicepage.java:18)
at TestInvoicepage.openbrowser(TestInvoicepage.java:18)
at TestInvoicepage.openbrowser(TestInvoicepage.java:18)
at TestInvoicepage.openbrowser(TestInvoicepage.java:18)
at TestInvoicepage.openbrowser(TestInvoicepage.java:18)
at TestInvoicepage.openbrowser(TestInvoicepage.java:18)
at TestInvoicepage.openbrowser(TestInvoicepage.java:18)
at TestInvoicepage.openbrowser(TestInvoicepage.java:18)
at TestInvoicepage.openbrowser(TestInvoicepage.java:18)
at TestInvoicepage.openbrowser(TestInvoicepage.java:18)
at TestInvoicepage.openbrowser(TestInvoicepage.java:18)
at TestInvoicepage.openbrowser(TestInvoicepage.java:18)
at TestInvoicepage.openbrowser(TestInvoicepage.java:18)
at TestInvoicepage.openbrowser(TestInvoicepage.java:18)
at TestInvoicepage.openbrowser(TestInvoicepage.java:18)
at TestInvoicepage.openbrowser(TestInvoicepage.java:18)
at TestInvoicepage.openbrowser(TestInvoicepage.java:18)
at TestInvoicepage.openbrowser(TestInvoicepage.java:18)
at TestInvoicepage.openbrowser(TestInvoicepage.java:18)
at TestInvoicepage.openbrowser(TestInvoicepage.java:18)
at TestInvoicepage.openbrowser(TestInvoicepage.java:18)
at TestInvoicepage.openbrowser(TestInvoicepage.java:18)
at TestInvoicepage.openbrowser(TestInvoicepage.java:18)
at TestInvoicepage.openbrowser(TestInvoicepage.java:18)
at TestInvoicepage.openbrowser(TestInvoicepage.java:18)
at TestInvoicepage.openbrowser(TestInvoicepage.java:18)
at TestInvoicepage.openbrowser(TestInvoicepage.java:18)
at TestInvoicepage.openbrowser(TestInvoicepage.java:18)
at TestInvoicepage.openbrowser(TestInvoicepage.java:18)
at TestInvoicepage.openbrowser(TestInvoicepage.java:18)
at TestInvoicepage.openbrowser(TestInvoicepage.java:18)
at TestInvoicepage.openbrowser(TestInvoicepage.java:18)
at TestInvoicepage.openbrowser(TestInvoicepage.java:18)
at TestInvoicepage.openbrowser(TestInvoicepage.java:18)
at TestInvoicepage.openbrowser(TestInvoicepage.java:18)
at TestInvoicepage.openbrowser(TestInvoicepage.java:18)
at TestInvoicepage.openbrowser(TestInvoicepage.java:18)
at TestInvoicepage.openbrowser(TestInvoicepage.java:18)
at TestInvoicepage.openbrowser(TestInvoicepage.java:18)
at TestInvoicepage.openbrowser(TestInvoicepage.java:18)
at TestInvoicepage.openbrowser(TestInvoicepage.java:18)
at TestInvoicepage.openbrowser(TestInvoicepage.java:18)
at TestInvoicepage.openbrowser(TestInvoicepage.java:18)
at TestInvoicepage.openbrowser(TestInvoicepage.java:18)
at TestInvoicepage.openbrowser(TestInvoicepage.java:18)
at TestInvoicepage.openbrowser(TestInvoicepage.java:18)
at TestInvoicepage.openbrowser(TestInvoicepage.java:18)
at TestInvoicepage.openbrowser(TestInvoicepage.java:18)
at TestInvoicepage.openbrowser(TestInvoicepage.java:18)
at TestInvoicepage.openbrowser(TestInvoicepage.java:18)
at TestInvoicepage.openbrowser(TestInvoicepage.java:18)
at TestInvoicepage.openbrowser(TestInvoicepage.java:18)
at TestInvoicepage.openbrowser(TestInvoicepage.java:18)
at TestInvoicepage.openbrowser(TestInvoicepage.java:18)
at TestInvoicepage.openbrowser(TestInvoicepage.java:18)
at TestInvoicepage.openbrowser(TestInvoicepage.java:18)
at TestInvoicepage.openbrowser(TestInvoicepage.java:18)
at TestInvoicepage.openbrowser(TestInvoicepage.java:18)
at TestInvoicepage.openbrowser(TestInvoicepage.java:18)
at TestInvoicepage.openbrowser(TestInvoicepage.java:18)
at TestInvoicepage.openbrowser(TestInvoicepage.java:18)
at TestInvoicepage.openbrowser(TestInvoicepage.java:18)
at TestInvoicepage.openbrowser(TestInvoicepage.java:18)
at TestInvoicepage.openbrowser(TestInvoicepage.java:18)
at TestInvoicepage.openbrowser(TestInvoicepage.java:18)
at TestInvoicepage.openbrowser(TestInvoicepage.java:18)
at TestInvoicepage.openbrowser(TestInvoicepage.java:18)
at TestInvoicepage.openbrowser(TestInvoicepage.java:18)
at TestInvoicepage.openbrowser(TestInvoicepage.java:18)
at TestInvoicepage.openbrowser(TestInvoicepage.java:18)
at TestInvoicepage.openbrowser(TestInvoicepage.java:18)
at TestInvoicepage.openbrowser(TestInvoicepage.java:18)
at TestInvoicepage.openbrowser(TestInvoicepage.java:18)
at TestInvoicepage.openbrowser(TestInvoicepage.java:18)
at TestInvoicepage.openbrowser(TestInvoicepage.java:18)
at TestInvoicepage.openbrowser(TestInvoicepage.java:18)
at TestInvoicepage.openbrowser(TestInvoicepage.java:18)
at TestInvoicepage.openbrowser(TestInvoicepage.java:18)
at TestInvoicepage.openbrowser(TestInvoicepage.java:18)
at TestInvoicepage.openbrowser(TestInvoicepage.java:18)
at TestInvoicepage.openbrowser(TestInvoicepage.java:18)
at TestInvoicepage.openbrowser(TestInvoicepage.java:18)
at TestInvoicepage.openbrowser(TestInvoicepage.java:18)
at TestInvoicepage.openbrowser(TestInvoicepage.java:18)
at TestInvoicepage.openbrowser(TestInvoicepage.java:18)
at TestInvoicepage.openbrowser(TestInvoicepage.java:18)
at TestInvoicepage.openbrowser(TestInvoicepage.java:18)
at TestInvoicepage.openbrowser(TestInvoicepage.java:18)
at TestInvoicepage.openbrowser(TestInvoicepage.java:18)
at TestInvoicepage.openbrowser(TestInvoicepage.java:18)
at TestInvoicepage.openbrowser(TestInvoicepage.java:18)
at TestInvoicepage.openbrowser(TestInvoicepage.java:18)
at TestInvoicepage.openbrowser(TestInvoicepage.java:18)
at TestInvoicepage.openbrowser(TestInvoicepage.java:18)
]]>
    </error>
  </testcase> <!-- openbrowser -->
  <system-out/>
</testsuite> <!-- TestInvoicepage -->
