<?xml version="1.0" encoding="UTF-8"?>
<!-- Generated by org.testng.reporters.JUnitReportReporter -->
<testsuite hostname="DESKTOP-SPJ27N6" failures="0" tests="2" name="SupportPagetesting" time="27.744" errors="0" timestamp="2023-12-05T15:53:13 IST" skipped="0">
  <testcase classname="SupportPagetesting" name="login" time="6.508"/>
  <system-out/>
  <testcase classname="SupportPagetesting" name="supportpage" time="21.236"/>
  <system-out/>
</testsuite> <!-- SupportPagetesting -->
